{"C:\\Users\\Evan\\desktop\\life-coach\\client\\src\\App.js": {"path":"C:\\Users\\Evan\\desktop\\life-coach\\client\\src\\App.js","statementMap":{"0":{"start":{"line":1,"column":39},"end":{"line":1,"column":101}},"1":{"start":{"line":1,"column":120},"end":{"line":1,"column":179}},"2":{"start":{"line":7,"column":4},"end":{"line":14,"column":292}}},"fnMap":{"0":{"name":"(anonymous_0)","decl":{"start":{"line":6,"column":2},"end":{"line":6,"column":3}},"loc":{"start":{"line":6,"column":11},"end":{"line":18,"column":3}},"line":6}},"branchMap":{},"s":{"0":0,"1":0,"2":0},"f":{"0":0},"b":{}}
,"C:\\Users\\Evan\\desktop\\life-coach\\client\\src\\index.js": {"path":"C:\\Users\\Evan\\desktop\\life-coach\\client\\src\\index.js","statementMap":{"0":{"start":{"line":1,"column":58},"end":{"line":1,"column":119}},"1":{"start":{"line":5,"column":232},"end":{"line":5,"column":286}}},"fnMap":{"0":{"name":"_interopRequireDefault","decl":{"start":{"line":5,"column":203},"end":{"line":5,"column":225}},"loc":{"start":{"line":5,"column":231},"end":{"line":5,"column":287}},"line":5}},"branchMap":{"0":{"loc":{"start":{"line":5,"column":239},"end":{"line":5,"column":285}},"type":"cond-expr","locations":[{"start":{"line":5,"column":263},"end":{"line":5,"column":266}},{"start":{"line":5,"column":269},"end":{"line":5,"column":285}}],"line":5},"1":{"loc":{"start":{"line":5,"column":239},"end":{"line":5,"column":260}},"type":"binary-expr","locations":[{"start":{"line":5,"column":239},"end":{"line":5,"column":242}},{"start":{"line":5,"column":246},"end":{"line":5,"column":260}}],"line":5}},"s":{"0":0,"1":0},"f":{"0":0},"b":{"0":[0,0],"1":[0,0]}}
,"C:\\Users\\Evan\\desktop\\life-coach\\client\\src\\registerServiceWorker.js": {"path":"C:\\Users\\Evan\\desktop\\life-coach\\client\\src\\registerServiceWorker.js","statementMap":{"0":{"start":{"line":1,"column":39},"end":{"line":1,"column":101}},"1":{"start":{"line":1,"column":101},"end":{"line":21,"column":9}},"2":{"start":{"line":109,"column":20},"end":{"line":111,"column":89}},"3":{"start":{"line":111,"column":111},"end":{"line":117,"column":44}},"4":{"start":{"line":112,"column":22},"end":{"line":112,"column":70}},"5":{"start":{"line":112,"column":71},"end":{"line":115,"column":14}},"6":{"start":{"line":115,"column":6},"end":{"line":115,"column":13}},"7":{"start":{"line":115,"column":14},"end":{"line":117,"column":43}},"8":{"start":{"line":115,"column":67},"end":{"line":115,"column":112}},"9":{"start":{"line":115,"column":113},"end":{"line":117,"column":40}},"10":{"start":{"line":116,"column":8},"end":{"line":116,"column":31}},"11":{"start":{"line":117,"column":8},"end":{"line":117,"column":39}},"12":{"start":{"line":117,"column":78},"end":{"line":124,"column":156}},"13":{"start":{"line":117,"column":140},"end":{"line":124,"column":68}},"14":{"start":{"line":117,"column":201},"end":{"line":117,"column":224}},"15":{"start":{"line":117,"column":225},"end":{"line":124,"column":66}},"16":{"start":{"line":117,"column":265},"end":{"line":124,"column":64}},"17":{"start":{"line":117,"column":310},"end":{"line":124,"column":63}},"18":{"start":{"line":121,"column":12},"end":{"line":121,"column":69}},"19":{"start":{"line":124,"column":12},"end":{"line":124,"column":62}},"20":{"start":{"line":124,"column":87},"end":{"line":124,"column":153}},"21":{"start":{"line":125,"column":2},"end":{"line":128,"column":126}},"22":{"start":{"line":126,"column":4},"end":{"line":128,"column":30}},"23":{"start":{"line":127,"column":6},"end":{"line":127,"column":127}},"24":{"start":{"line":127,"column":58},"end":{"line":127,"column":124}},"25":{"start":{"line":127,"column":96},"end":{"line":127,"column":121}},"26":{"start":{"line":128,"column":6},"end":{"line":128,"column":29}},"27":{"start":{"line":128,"column":46},"end":{"line":128,"column":123}},"28":{"start":{"line":128,"column":150},"end":{"line":128,"column":267}},"29":{"start":{"line":128,"column":185},"end":{"line":128,"column":266}},"30":{"start":{"line":128,"column":237},"end":{"line":128,"column":263}}},"fnMap":{"0":{"name":"register","decl":{"start":{"line":111,"column":99},"end":{"line":111,"column":107}},"loc":{"start":{"line":111,"column":110},"end":{"line":117,"column":45}},"line":111},"1":{"name":"(anonymous_1)","decl":{"start":{"line":115,"column":46},"end":{"line":115,"column":47}},"loc":{"start":{"line":115,"column":52},"end":{"line":117,"column":41}},"line":115},"2":{"name":"registerValidSW","decl":{"start":{"line":117,"column":54},"end":{"line":117,"column":69}},"loc":{"start":{"line":117,"column":77},"end":{"line":124,"column":157}},"line":117},"3":{"name":"(anonymous_3)","decl":{"start":{"line":117,"column":123},"end":{"line":117,"column":124}},"loc":{"start":{"line":117,"column":139},"end":{"line":124,"column":69}},"line":117},"4":{"name":"(anonymous_4)","decl":{"start":{"line":117,"column":169},"end":{"line":117,"column":170}},"loc":{"start":{"line":117,"column":175},"end":{"line":124,"column":67}},"line":117},"5":{"name":"(anonymous_5)","decl":{"start":{"line":117,"column":258},"end":{"line":117,"column":259}},"loc":{"start":{"line":117,"column":264},"end":{"line":124,"column":65}},"line":117},"6":{"name":"(anonymous_6)","decl":{"start":{"line":124,"column":77},"end":{"line":124,"column":78}},"loc":{"start":{"line":124,"column":86},"end":{"line":124,"column":154}},"line":124},"7":{"name":"checkValidServiceWorker","decl":{"start":{"line":124,"column":166},"end":{"line":124,"column":189}},"loc":{"start":{"line":124,"column":197},"end":{"line":128,"column":127}},"line":124},"8":{"name":"(anonymous_8)","decl":{"start":{"line":125,"column":20},"end":{"line":125,"column":21}},"loc":{"start":{"line":125,"column":32},"end":{"line":128,"column":31}},"line":125},"9":{"name":"(anonymous_9)","decl":{"start":{"line":127,"column":41},"end":{"line":127,"column":42}},"loc":{"start":{"line":127,"column":57},"end":{"line":127,"column":125}},"line":127},"10":{"name":"(anonymous_10)","decl":{"start":{"line":127,"column":89},"end":{"line":127,"column":90}},"loc":{"start":{"line":127,"column":95},"end":{"line":127,"column":122}},"line":127},"11":{"name":"(anonymous_11)","decl":{"start":{"line":128,"column":39},"end":{"line":128,"column":40}},"loc":{"start":{"line":128,"column":45},"end":{"line":128,"column":124}},"line":128},"12":{"name":"unregister","decl":{"start":{"line":128,"column":136},"end":{"line":128,"column":146}},"loc":{"start":{"line":128,"column":149},"end":{"line":128,"column":268}},"line":128},"13":{"name":"(anonymous_13)","decl":{"start":{"line":128,"column":220},"end":{"line":128,"column":221}},"loc":{"start":{"line":128,"column":236},"end":{"line":128,"column":264}},"line":128}},"branchMap":{"0":{"loc":{"start":{"line":109,"column":28},"end":{"line":111,"column":88}},"type":"binary-expr","locations":[{"start":{"line":109,"column":28},"end":{"line":109,"column":68}},{"start":{"line":110,"column":0},"end":{"line":110,"column":36}},{"start":{"line":111,"column":0},"end":{"line":111,"column":88}}],"line":109},"1":{"loc":{"start":{"line":111,"column":111},"end":{"line":117,"column":44}},"type":"if","locations":[{"start":{"line":111,"column":111},"end":{"line":117,"column":44}},{"start":{"line":111,"column":111},"end":{"line":117,"column":44}}],"line":111},"2":{"loc":{"start":{"line":111,"column":115},"end":{"line":111,"column":184}},"type":"binary-expr","locations":[{"start":{"line":111,"column":115},"end":{"line":111,"column":152}},{"start":{"line":111,"column":156},"end":{"line":111,"column":184}}],"line":111},"3":{"loc":{"start":{"line":112,"column":71},"end":{"line":115,"column":14}},"type":"if","locations":[{"start":{"line":112,"column":71},"end":{"line":115,"column":14}},{"start":{"line":112,"column":71},"end":{"line":115,"column":14}}],"line":112},"4":{"loc":{"start":{"line":115,"column":113},"end":{"line":117,"column":40}},"type":"if","locations":[{"start":{"line":115,"column":113},"end":{"line":117,"column":40}},{"start":{"line":115,"column":113},"end":{"line":117,"column":40}}],"line":115},"5":{"loc":{"start":{"line":117,"column":265},"end":{"line":124,"column":64}},"type":"if","locations":[{"start":{"line":117,"column":265},"end":{"line":124,"column":64}},{"start":{"line":117,"column":265},"end":{"line":124,"column":64}}],"line":117},"6":{"loc":{"start":{"line":117,"column":310},"end":{"line":124,"column":63}},"type":"if","locations":[{"start":{"line":117,"column":310},"end":{"line":124,"column":63}},{"start":{"line":117,"column":310},"end":{"line":124,"column":63}}],"line":117},"7":{"loc":{"start":{"line":126,"column":4},"end":{"line":128,"column":30}},"type":"if","locations":[{"start":{"line":126,"column":4},"end":{"line":128,"column":30}},{"start":{"line":126,"column":4},"end":{"line":128,"column":30}}],"line":126},"8":{"loc":{"start":{"line":126,"column":8},"end":{"line":126,"column":100}},"type":"binary-expr","locations":[{"start":{"line":126,"column":8},"end":{"line":126,"column":31}},{"start":{"line":126,"column":35},"end":{"line":126,"column":100}}],"line":126},"9":{"loc":{"start":{"line":128,"column":150},"end":{"line":128,"column":267}},"type":"if","locations":[{"start":{"line":128,"column":150},"end":{"line":128,"column":267}},{"start":{"line":128,"column":150},"end":{"line":128,"column":267}}],"line":128}},"s":{"0":0,"1":0,"2":0,"3":0,"4":0,"5":0,"6":0,"7":0,"8":0,"9":0,"10":0,"11":0,"12":0,"13":0,"14":0,"15":0,"16":0,"17":0,"18":0,"19":0,"20":0,"21":0,"22":0,"23":0,"24":0,"25":0,"26":0,"27":0,"28":0,"29":0,"30":0},"f":{"0":0,"1":0,"2":0,"3":0,"4":0,"5":0,"6":0,"7":0,"8":0,"9":0,"10":0,"11":0,"12":0,"13":0},"b":{"0":[0,0,0],"1":[0,0],"2":[0,0],"3":[0,0],"4":[0,0],"5":[0,0],"6":[0,0],"7":[0,0],"8":[0,0],"9":[0,0]}}
,"C:\\Users\\Evan\\desktop\\life-coach\\client\\src\\redux\\actions\\actions.js": {"path":"C:\\Users\\Evan\\desktop\\life-coach\\client\\src\\redux\\actions\\actions.js","statementMap":{"0":{"start":{"line":1,"column":39},"end":{"line":1,"column":101}},"1":{"start":{"line":1,"column":155},"end":{"line":1,"column":206}},"2":{"start":{"line":2,"column":52},"end":{"line":2,"column":117}},"3":{"start":{"line":2,"column":87},"end":{"line":2,"column":116}},"4":{"start":{"line":5,"column":54},"end":{"line":5,"column":105}},"5":{"start":{"line":6,"column":52},"end":{"line":6,"column":127}},"6":{"start":{"line":6,"column":90},"end":{"line":6,"column":126}},"7":{"start":{"line":8,"column":45},"end":{"line":32,"column":1}},"8":{"start":{"line":8,"column":72},"end":{"line":32,"column":1}},"9":{"start":{"line":9,"column":15},"end":{"line":14,"column":19}},"10":{"start":{"line":16,"column":2},"end":{"line":16,"column":32}},"11":{"start":{"line":17,"column":2},"end":{"line":31,"column":5}},"12":{"start":{"line":19,"column":4},"end":{"line":19,"column":39}},"13":{"start":{"line":20,"column":4},"end":{"line":22,"column":5}},"14":{"start":{"line":21,"column":6},"end":{"line":21,"column":44}},"15":{"start":{"line":23,"column":4},"end":{"line":23,"column":22}},"16":{"start":{"line":26,"column":4},"end":{"line":26,"column":35}},"17":{"start":{"line":27,"column":4},"end":{"line":27,"column":45}},"18":{"start":{"line":30,"column":4},"end":{"line":30,"column":33}}},"fnMap":{"0":{"name":"(anonymous_0)","decl":{"start":{"line":2,"column":80},"end":{"line":2,"column":81}},"loc":{"start":{"line":2,"column":87},"end":{"line":2,"column":116}},"line":2},"1":{"name":"(anonymous_1)","decl":{"start":{"line":6,"column":80},"end":{"line":6,"column":81}},"loc":{"start":{"line":6,"column":90},"end":{"line":6,"column":126}},"line":6},"2":{"name":"(anonymous_2)","decl":{"start":{"line":8,"column":66},"end":{"line":8,"column":67}},"loc":{"start":{"line":8,"column":72},"end":{"line":32,"column":1}},"line":8},"3":{"name":"(anonymous_3)","decl":{"start":{"line":8,"column":72},"end":{"line":8,"column":73}},"loc":{"start":{"line":8,"column":84},"end":{"line":32,"column":1}},"line":8},"4":{"name":"(anonymous_4)","decl":{"start":{"line":18,"column":7},"end":{"line":18,"column":8}},"loc":{"start":{"line":18,"column":14},"end":{"line":24,"column":3}},"line":18},"5":{"name":"(anonymous_5)","decl":{"start":{"line":25,"column":7},"end":{"line":25,"column":8}},"loc":{"start":{"line":25,"column":15},"end":{"line":28,"column":3}},"line":25},"6":{"name":"(anonymous_6)","decl":{"start":{"line":29,"column":8},"end":{"line":29,"column":9}},"loc":{"start":{"line":29,"column":15},"end":{"line":31,"column":3}},"line":29}},"branchMap":{"0":{"loc":{"start":{"line":20,"column":4},"end":{"line":22,"column":5}},"type":"if","locations":[{"start":{"line":20,"column":4},"end":{"line":22,"column":5}},{"start":{"line":20,"column":4},"end":{"line":22,"column":5}}],"line":20}},"s":{"0":0,"1":0,"2":0,"3":0,"4":0,"5":0,"6":0,"7":0,"8":0,"9":0,"10":0,"11":0,"12":0,"13":0,"14":0,"15":0,"16":0,"17":0,"18":0},"f":{"0":0,"1":0,"2":0,"3":0,"4":0,"5":0,"6":0},"b":{"0":[0,0]}}
,"C:\\Users\\Evan\\desktop\\life-coach\\client\\src\\redux\\reducers\\reducer.js": {"path":"C:\\Users\\Evan\\desktop\\life-coach\\client\\src\\redux\\reducers\\reducer.js","statementMap":{},"fnMap":{},"branchMap":{},"s":{},"f":{},"b":{}}
}
